Analysis & Synthesis report for clos
Sun Jun 02 13:29:55 2019
Quartus II 64-Bit Version 13.0.1 Build 232 06/12/2013 Service Pack 1 SJ Web Edition


---------------------
; Table of Contents ;
---------------------
  1. Legal Notice
  2. Analysis & Synthesis Summary
  3. Analysis & Synthesis Settings
  4. Parallel Compilation
  5. Analysis & Synthesis Source Files Read
  6. Analysis & Synthesis Resource Usage Summary
  7. Analysis & Synthesis Resource Utilization by Entity
  8. General Register Statistics
  9. Multiplexer Restructuring Statistics (Restructuring Performed)
 10. Elapsed Time Per Partition
 11. Analysis & Synthesis Messages



----------------
; Legal Notice ;
----------------
Copyright (C) 1991-2013 Altera Corporation
Your use of Altera Corporation's design tools, logic functions 
and other software and tools, and its AMPP partner logic 
functions, and any output files from any of the foregoing 
(including device programming or simulation files), and any 
associated documentation or information are expressly subject 
to the terms and conditions of the Altera Program License 
Subscription Agreement, Altera MegaCore Function License 
Agreement, or other applicable license agreement, including, 
without limitation, that your use is for the sole purpose of 
programming logic devices manufactured by Altera and sold by 
Altera or its authorized distributors.  Please refer to the 
applicable agreement for further details.



+--------------------------------------------------------------------------------------+
; Analysis & Synthesis Summary                                                         ;
+------------------------------------+-------------------------------------------------+
; Analysis & Synthesis Status        ; Successful - Sun Jun 02 13:29:55 2019           ;
; Quartus II 64-Bit Version          ; 13.0.1 Build 232 06/12/2013 SP 1 SJ Web Edition ;
; Revision Name                      ; clos                                            ;
; Top-level Entity Name              ; clos                                            ;
; Family                             ; Cyclone II                                      ;
; Total logic elements               ; 164                                             ;
;     Total combinational functions  ; 164                                             ;
;     Dedicated logic registers      ; 0                                               ;
; Total registers                    ; 0                                               ;
; Total pins                         ; 79                                              ;
; Total virtual pins                 ; 0                                               ;
; Total memory bits                  ; 0                                               ;
; Embedded Multiplier 9-bit elements ; 0                                               ;
; Total PLLs                         ; 0                                               ;
+------------------------------------+-------------------------------------------------+


+----------------------------------------------------------------------------------------------------------------------+
; Analysis & Synthesis Settings                                                                                        ;
+----------------------------------------------------------------------------+--------------------+--------------------+
; Option                                                                     ; Setting            ; Default Value      ;
+----------------------------------------------------------------------------+--------------------+--------------------+
; Device                                                                     ; EP2C35F672C6       ;                    ;
; Top-level entity name                                                      ; clos               ; clos               ;
; Family name                                                                ; Cyclone II         ; Cyclone IV GX      ;
; VHDL Show LMF Mapping Messages                                             ; Off                ;                    ;
; VHDL Version                                                               ; VHDL_2008          ; VHDL_1993          ;
; Use smart compilation                                                      ; Off                ; Off                ;
; Enable parallel Assembler and TimeQuest Timing Analyzer during compilation ; On                 ; On                 ;
; Enable compact report table                                                ; Off                ; Off                ;
; Restructure Multiplexers                                                   ; Auto               ; Auto               ;
; Create Debugging Nodes for IP Cores                                        ; Off                ; Off                ;
; Preserve fewer node names                                                  ; On                 ; On                 ;
; Disable OpenCore Plus hardware evaluation                                  ; Off                ; Off                ;
; Verilog Version                                                            ; Verilog_2001       ; Verilog_2001       ;
; State Machine Processing                                                   ; Auto               ; Auto               ;
; Safe State Machine                                                         ; Off                ; Off                ;
; Extract Verilog State Machines                                             ; On                 ; On                 ;
; Extract VHDL State Machines                                                ; On                 ; On                 ;
; Ignore Verilog initial constructs                                          ; Off                ; Off                ;
; Iteration limit for constant Verilog loops                                 ; 5000               ; 5000               ;
; Iteration limit for non-constant Verilog loops                             ; 250                ; 250                ;
; Add Pass-Through Logic to Inferred RAMs                                    ; On                 ; On                 ;
; Infer RAMs from Raw Logic                                                  ; On                 ; On                 ;
; Parallel Synthesis                                                         ; On                 ; On                 ;
; DSP Block Balancing                                                        ; Auto               ; Auto               ;
; NOT Gate Push-Back                                                         ; On                 ; On                 ;
; Power-Up Don't Care                                                        ; On                 ; On                 ;
; Remove Redundant Logic Cells                                               ; Off                ; Off                ;
; Remove Duplicate Registers                                                 ; On                 ; On                 ;
; Ignore CARRY Buffers                                                       ; Off                ; Off                ;
; Ignore CASCADE Buffers                                                     ; Off                ; Off                ;
; Ignore GLOBAL Buffers                                                      ; Off                ; Off                ;
; Ignore ROW GLOBAL Buffers                                                  ; Off                ; Off                ;
; Ignore LCELL Buffers                                                       ; Off                ; Off                ;
; Ignore SOFT Buffers                                                        ; On                 ; On                 ;
; Limit AHDL Integers to 32 Bits                                             ; Off                ; Off                ;
; Optimization Technique                                                     ; Balanced           ; Balanced           ;
; Carry Chain Length                                                         ; 70                 ; 70                 ;
; Auto Carry Chains                                                          ; On                 ; On                 ;
; Auto Open-Drain Pins                                                       ; On                 ; On                 ;
; Perform WYSIWYG Primitive Resynthesis                                      ; Off                ; Off                ;
; Auto ROM Replacement                                                       ; On                 ; On                 ;
; Auto RAM Replacement                                                       ; On                 ; On                 ;
; Auto Shift Register Replacement                                            ; Auto               ; Auto               ;
; Allow Shift Register Merging across Hierarchies                            ; Auto               ; Auto               ;
; Auto Clock Enable Replacement                                              ; On                 ; On                 ;
; Strict RAM Replacement                                                     ; Off                ; Off                ;
; Allow Synchronous Control Signals                                          ; On                 ; On                 ;
; Force Use of Synchronous Clear Signals                                     ; Off                ; Off                ;
; Auto RAM to Logic Cell Conversion                                          ; Off                ; Off                ;
; Auto Resource Sharing                                                      ; Off                ; Off                ;
; Allow Any RAM Size For Recognition                                         ; Off                ; Off                ;
; Allow Any ROM Size For Recognition                                         ; Off                ; Off                ;
; Allow Any Shift Register Size For Recognition                              ; Off                ; Off                ;
; Use LogicLock Constraints during Resource Balancing                        ; On                 ; On                 ;
; Ignore translate_off and synthesis_off directives                          ; Off                ; Off                ;
; Timing-Driven Synthesis                                                    ; Off                ; Off                ;
; Report Parameter Settings                                                  ; On                 ; On                 ;
; Report Source Assignments                                                  ; On                 ; On                 ;
; Report Connectivity Checks                                                 ; On                 ; On                 ;
; Ignore Maximum Fan-Out Assignments                                         ; Off                ; Off                ;
; Synchronization Register Chain Length                                      ; 2                  ; 2                  ;
; PowerPlay Power Optimization                                               ; Normal compilation ; Normal compilation ;
; HDL message level                                                          ; Level2             ; Level2             ;
; Suppress Register Optimization Related Messages                            ; Off                ; Off                ;
; Number of Removed Registers Reported in Synthesis Report                   ; 5000               ; 5000               ;
; Number of Swept Nodes Reported in Synthesis Report                         ; 5000               ; 5000               ;
; Number of Inverted Registers Reported in Synthesis Report                  ; 100                ; 100                ;
; Clock MUX Protection                                                       ; On                 ; On                 ;
; Auto Gated Clock Conversion                                                ; Off                ; Off                ;
; Block Design Naming                                                        ; Auto               ; Auto               ;
; SDC constraint protection                                                  ; Off                ; Off                ;
; Synthesis Effort                                                           ; Auto               ; Auto               ;
; Shift Register Replacement - Allow Asynchronous Clear Signal               ; On                 ; On                 ;
; Pre-Mapping Resynthesis Optimization                                       ; Off                ; Off                ;
; Analysis & Synthesis Message Level                                         ; Medium             ; Medium             ;
; Disable Register Merging Across Hierarchies                                ; Auto               ; Auto               ;
; Resource Aware Inference For Block RAM                                     ; On                 ; On                 ;
; Synthesis Seed                                                             ; 1                  ; 1                  ;
+----------------------------------------------------------------------------+--------------------+--------------------+


Parallel compilation was disabled, but you have multiple processors available. Enable parallel compilation to reduce compilation time.
+-------------------------------------+
; Parallel Compilation                ;
+----------------------------+--------+
; Processors                 ; Number ;
+----------------------------+--------+
; Number detected on machine ; 4      ;
; Maximum allowed            ; 1      ;
+----------------------------+--------+


+--------------------------------------------------------------------------------------------------------------------------------+
; Analysis & Synthesis Source Files Read                                                                                         ;
+----------------------------------+-----------------+-----------------+-----------------------------------------------+---------+
; File Name with User-Entered Path ; Used in Netlist ; File Type       ; File Name with Absolute Path                  ; Library ;
+----------------------------------+-----------------+-----------------+-----------------------------------------------+---------+
; clos.vhd                         ; yes             ; User VHDL File  ; C:/Users/njobs/Desktop/PROJEKT/clos.vhd       ;         ;
; switch_2x3.vhd                   ; yes             ; User VHDL File  ; C:/Users/njobs/Desktop/PROJEKT/switch_2x3.vhd ;         ;
; switch_2x2.vhd                   ; yes             ; User VHDL File  ; C:/Users/njobs/Desktop/PROJEKT/switch_2x2.vhd ;         ;
; switch_3x2.vhd                   ; yes             ; User VHDL File  ; C:/Users/njobs/Desktop/PROJEKT/switch_3x2.vhd ;         ;
+----------------------------------+-----------------+-----------------+-----------------------------------------------+---------+


+------------------------------------------------------+
; Analysis & Synthesis Resource Usage Summary          ;
+---------------------------------------------+--------+
; Resource                                    ; Usage  ;
+---------------------------------------------+--------+
; Estimated Total logic elements              ; 164    ;
;                                             ;        ;
; Total combinational functions               ; 164    ;
; Logic element usage by number of LUT inputs ;        ;
;     -- 4 input functions                    ; 80     ;
;     -- 3 input functions                    ; 82     ;
;     -- <=2 input functions                  ; 2      ;
;                                             ;        ;
; Logic elements by mode                      ;        ;
;     -- normal mode                          ; 164    ;
;     -- arithmetic mode                      ; 0      ;
;                                             ;        ;
; Total registers                             ; 0      ;
;     -- Dedicated logic registers            ; 0      ;
;     -- I/O registers                        ; 0      ;
;                                             ;        ;
; I/O pins                                    ; 79     ;
; Embedded Multiplier 9-bit elements          ; 0      ;
; Maximum fan-out node                        ; C11[2] ;
; Maximum fan-out                             ; 24     ;
; Total fan-out                               ; 634    ;
; Average fan-out                             ; 2.61   ;
+---------------------------------------------+--------+


+---------------------------------------------------------------------------------------------------------------------------------------------------------------------------------+
; Analysis & Synthesis Resource Utilization by Entity                                                                                                                             ;
+----------------------------+-------------------+--------------+-------------+--------------+---------+-----------+------+--------------+-------------------------+--------------+
; Compilation Hierarchy Node ; LC Combinationals ; LC Registers ; Memory Bits ; DSP Elements ; DSP 9x9 ; DSP 18x18 ; Pins ; Virtual Pins ; Full Hierarchy Name     ; Library Name ;
+----------------------------+-------------------+--------------+-------------+--------------+---------+-----------+------+--------------+-------------------------+--------------+
; |clos                      ; 164 (0)           ; 0 (0)        ; 0           ; 0            ; 0       ; 0         ; 79   ; 0            ; |clos                   ; work         ;
;    |switch_2x2:s2x2_1|     ; 32 (32)           ; 0 (0)        ; 0           ; 0            ; 0       ; 0         ; 0    ; 0            ; |clos|switch_2x2:s2x2_1 ; work         ;
;    |switch_2x2:s2x2_2|     ; 32 (32)           ; 0 (0)        ; 0           ; 0            ; 0       ; 0         ; 0    ; 0            ; |clos|switch_2x2:s2x2_2 ; work         ;
;    |switch_2x2:s2x2_3|     ; 32 (32)           ; 0 (0)        ; 0           ; 0            ; 0       ; 0         ; 0    ; 0            ; |clos|switch_2x2:s2x2_3 ; work         ;
;    |switch_3x2:s3x2_1|     ; 34 (34)           ; 0 (0)        ; 0           ; 0            ; 0       ; 0         ; 0    ; 0            ; |clos|switch_3x2:s3x2_1 ; work         ;
;    |switch_3x2:s3x2_2|     ; 34 (34)           ; 0 (0)        ; 0           ; 0            ; 0       ; 0         ; 0    ; 0            ; |clos|switch_3x2:s3x2_2 ; work         ;
+----------------------------+-------------------+--------------+-------------+--------------+---------+-----------+------+--------------+-------------------------+--------------+
Note: For table entries with two numbers listed, the numbers in parentheses indicate the number of resources of the given type used by the specific entity alone. The numbers listed outside of parentheses indicate the total resources of the given type used by the specific entity and all of its sub-entities in the hierarchy.


+------------------------------------------------------+
; General Register Statistics                          ;
+----------------------------------------------+-------+
; Statistic                                    ; Value ;
+----------------------------------------------+-------+
; Total registers                              ; 0     ;
; Number of registers using Synchronous Clear  ; 0     ;
; Number of registers using Synchronous Load   ; 0     ;
; Number of registers using Asynchronous Clear ; 0     ;
; Number of registers using Asynchronous Load  ; 0     ;
; Number of registers using Clock Enable       ; 0     ;
; Number of registers using Preset             ; 0     ;
+----------------------------------------------+-------+


+---------------------------------------------------------------------------------------------------------------------------------------------+
; Multiplexer Restructuring Statistics (Restructuring Performed)                                                                              ;
+--------------------+-----------+---------------+----------------------+------------------------+------------+-------------------------------+
; Multiplexer Inputs ; Bus Width ; Baseline Area ; Area if Restructured ; Saving if Restructured ; Registered ; Example Multiplexer Output    ;
+--------------------+-----------+---------------+----------------------+------------------------+------------+-------------------------------+
; 3:1                ; 8 bits    ; 16 LEs        ; 16 LEs               ; 0 LEs                  ; No         ; |clos|switch_3x2:s3x2_1|Mux10 ;
; 3:1                ; 8 bits    ; 16 LEs        ; 16 LEs               ; 0 LEs                  ; No         ; |clos|switch_3x2:s3x2_2|Mux9  ;
; 6:1                ; 8 bits    ; 32 LEs        ; 16 LEs               ; 16 LEs                 ; No         ; |clos|switch_3x2:s3x2_1|Mux1  ;
; 6:1                ; 8 bits    ; 32 LEs        ; 16 LEs               ; 16 LEs                 ; No         ; |clos|switch_3x2:s3x2_2|Mux7  ;
; 3:1                ; 8 bits    ; 16 LEs        ; 8 LEs                ; 8 LEs                  ; No         ; |clos|switch_2x3:s2x3_2|Mux4  ;
; 3:1                ; 8 bits    ; 16 LEs        ; 8 LEs                ; 8 LEs                  ; No         ; |clos|switch_2x3:s2x3_2|Mux9  ;
; 3:1                ; 8 bits    ; 16 LEs        ; 8 LEs                ; 8 LEs                  ; No         ; |clos|switch_2x3:s2x3_2|Mux18 ;
; 3:1                ; 8 bits    ; 16 LEs        ; 8 LEs                ; 8 LEs                  ; No         ; |clos|switch_2x3:s2x3_1|Mux0  ;
; 3:1                ; 8 bits    ; 16 LEs        ; 8 LEs                ; 8 LEs                  ; No         ; |clos|switch_2x3:s2x3_1|Mux11 ;
; 3:1                ; 8 bits    ; 16 LEs        ; 8 LEs                ; 8 LEs                  ; No         ; |clos|switch_2x3:s2x3_1|Mux22 ;
+--------------------+-----------+---------------+----------------------+------------------------+------------+-------------------------------+


+-------------------------------+
; Elapsed Time Per Partition    ;
+----------------+--------------+
; Partition Name ; Elapsed Time ;
+----------------+--------------+
; Top            ; 00:00:00     ;
+----------------+--------------+


+-------------------------------+
; Analysis & Synthesis Messages ;
+-------------------------------+
Info: *******************************************************************
Info: Running Quartus II 64-Bit Analysis & Synthesis
    Info: Version 13.0.1 Build 232 06/12/2013 Service Pack 1 SJ Web Edition
    Info: Processing started: Sun Jun 02 13:29:52 2019
Info: Command: quartus_map --read_settings_files=on --write_settings_files=off clos -c clos
Warning (20028): Parallel compilation is not licensed and has been disabled
Info (12021): Found 2 design units, including 1 entities, in source file simulation/modelsim/switch_3x2_testbench.vhd
    Info (12022): Found design unit 1: switch_3x2_testbench-arch_switch_3x2_testbench
    Info (12023): Found entity 1: switch_3x2_testbench
Info (12021): Found 2 design units, including 1 entities, in source file simulation/modelsim/switch_2x3_testbench.vhd
    Info (12022): Found design unit 1: switch_2x3_testbench-arch_switch_2x3_testbench_testbench
    Info (12023): Found entity 1: switch_2x3_testbench
Info (12021): Found 2 design units, including 1 entities, in source file simulation/modelsim/switch_2x2_testbench.vhd
    Info (12022): Found design unit 1: switch_2x2_testbench-arch_switch_2x2_testbench
    Info (12023): Found entity 1: switch_2x2_testbench
Info (12021): Found 2 design units, including 1 entities, in source file simulation/modelsim/clos_testbench.vhd
    Info (12022): Found design unit 1: clos_testbench-arch_clos_testbench
    Info (12023): Found entity 1: clos_testbench
Info (12021): Found 2 design units, including 1 entities, in source file clos.vhd
    Info (12022): Found design unit 1: clos-arch_clos
    Info (12023): Found entity 1: clos
Info (12021): Found 2 design units, including 1 entities, in source file switch_2x3.vhd
    Info (12022): Found design unit 1: switch_2x3-arch_switch_2x3
    Info (12023): Found entity 1: switch_2x3
Info (12021): Found 2 design units, including 1 entities, in source file switch_2x2.vhd
    Info (12022): Found design unit 1: switch_2x2-arch_switch_2x2
    Info (12023): Found entity 1: switch_2x2
Info (12021): Found 2 design units, including 1 entities, in source file switch_3x2.vhd
    Info (12022): Found design unit 1: switch_3x2-arch_switch_3x2
    Info (12023): Found entity 1: switch_3x2
Info (12127): Elaborating entity "clos" for the top level hierarchy
Info (12128): Elaborating entity "switch_2x3" for hierarchy "switch_2x3:s2x3_1"
Warning (10540): VHDL Signal Declaration warning at switch_2x3.vhd(17): used explicit default value for signal "HighImpedance" because signal was never assigned a value
Info (12128): Elaborating entity "switch_2x2" for hierarchy "switch_2x2:s2x2_1"
Info (12128): Elaborating entity "switch_3x2" for hierarchy "switch_3x2:s3x2_1"
Warning (10540): VHDL Signal Declaration warning at switch_3x2.vhd(18): used explicit default value for signal "HighImpedance" because signal was never assigned a value
Warning (13046): Tri-state node(s) do not directly drive top-level pin(s)
    Warning (13049): Converted tri-state buffer "switch_2x3:s2x3_2|R[0]" feeding internal logic into a wire
    Warning (13049): Converted tri-state buffer "switch_2x3:s2x3_2|R[1]" feeding internal logic into a wire
    Warning (13049): Converted tri-state buffer "switch_2x3:s2x3_2|R[2]" feeding internal logic into a wire
    Warning (13049): Converted tri-state buffer "switch_2x3:s2x3_2|R[3]" feeding internal logic into a wire
    Warning (13049): Converted tri-state buffer "switch_2x3:s2x3_2|R[4]" feeding internal logic into a wire
    Warning (13049): Converted tri-state buffer "switch_2x3:s2x3_2|R[5]" feeding internal logic into a wire
    Warning (13049): Converted tri-state buffer "switch_2x3:s2x3_2|R[6]" feeding internal logic into a wire
    Warning (13049): Converted tri-state buffer "switch_2x3:s2x3_2|R[7]" feeding internal logic into a wire
    Warning (13049): Converted tri-state buffer "switch_2x3:s2x3_2|V[0]" feeding internal logic into a wire
    Warning (13049): Converted tri-state buffer "switch_2x3:s2x3_2|V[1]" feeding internal logic into a wire
    Warning (13049): Converted tri-state buffer "switch_2x3:s2x3_2|V[2]" feeding internal logic into a wire
    Warning (13049): Converted tri-state buffer "switch_2x3:s2x3_2|V[3]" feeding internal logic into a wire
    Warning (13049): Converted tri-state buffer "switch_2x3:s2x3_2|V[4]" feeding internal logic into a wire
    Warning (13049): Converted tri-state buffer "switch_2x3:s2x3_2|V[5]" feeding internal logic into a wire
    Warning (13049): Converted tri-state buffer "switch_2x3:s2x3_2|V[6]" feeding internal logic into a wire
    Warning (13049): Converted tri-state buffer "switch_2x3:s2x3_2|V[7]" feeding internal logic into a wire
    Warning (13049): Converted tri-state buffer "switch_2x3:s2x3_2|U[0]" feeding internal logic into a wire
    Warning (13049): Converted tri-state buffer "switch_2x3:s2x3_2|U[1]" feeding internal logic into a wire
    Warning (13049): Converted tri-state buffer "switch_2x3:s2x3_2|U[2]" feeding internal logic into a wire
    Warning (13049): Converted tri-state buffer "switch_2x3:s2x3_2|U[3]" feeding internal logic into a wire
    Warning (13049): Converted tri-state buffer "switch_2x3:s2x3_2|U[4]" feeding internal logic into a wire
    Warning (13049): Converted tri-state buffer "switch_2x3:s2x3_2|U[5]" feeding internal logic into a wire
    Warning (13049): Converted tri-state buffer "switch_2x3:s2x3_2|U[6]" feeding internal logic into a wire
    Warning (13049): Converted tri-state buffer "switch_2x3:s2x3_2|U[7]" feeding internal logic into a wire
    Warning (13049): Converted tri-state buffer "switch_2x3:s2x3_1|R[0]" feeding internal logic into a wire
    Warning (13049): Converted tri-state buffer "switch_2x3:s2x3_1|R[1]" feeding internal logic into a wire
    Warning (13049): Converted tri-state buffer "switch_2x3:s2x3_1|R[2]" feeding internal logic into a wire
    Warning (13049): Converted tri-state buffer "switch_2x3:s2x3_1|R[3]" feeding internal logic into a wire
    Warning (13049): Converted tri-state buffer "switch_2x3:s2x3_1|R[4]" feeding internal logic into a wire
    Warning (13049): Converted tri-state buffer "switch_2x3:s2x3_1|R[5]" feeding internal logic into a wire
    Warning (13049): Converted tri-state buffer "switch_2x3:s2x3_1|R[6]" feeding internal logic into a wire
    Warning (13049): Converted tri-state buffer "switch_2x3:s2x3_1|R[7]" feeding internal logic into a wire
    Warning (13049): Converted tri-state buffer "switch_2x3:s2x3_1|V[0]" feeding internal logic into a wire
    Warning (13049): Converted tri-state buffer "switch_2x3:s2x3_1|V[1]" feeding internal logic into a wire
    Warning (13049): Converted tri-state buffer "switch_2x3:s2x3_1|V[2]" feeding internal logic into a wire
    Warning (13049): Converted tri-state buffer "switch_2x3:s2x3_1|V[3]" feeding internal logic into a wire
    Warning (13049): Converted tri-state buffer "switch_2x3:s2x3_1|V[4]" feeding internal logic into a wire
    Warning (13049): Converted tri-state buffer "switch_2x3:s2x3_1|V[5]" feeding internal logic into a wire
    Warning (13049): Converted tri-state buffer "switch_2x3:s2x3_1|V[6]" feeding internal logic into a wire
    Warning (13049): Converted tri-state buffer "switch_2x3:s2x3_1|V[7]" feeding internal logic into a wire
    Warning (13049): Converted tri-state buffer "switch_2x3:s2x3_1|U[0]" feeding internal logic into a wire
    Warning (13049): Converted tri-state buffer "switch_2x3:s2x3_1|U[1]" feeding internal logic into a wire
    Warning (13049): Converted tri-state buffer "switch_2x3:s2x3_1|U[2]" feeding internal logic into a wire
    Warning (13049): Converted tri-state buffer "switch_2x3:s2x3_1|U[3]" feeding internal logic into a wire
    Warning (13049): Converted tri-state buffer "switch_2x3:s2x3_1|U[4]" feeding internal logic into a wire
    Warning (13049): Converted tri-state buffer "switch_2x3:s2x3_1|U[5]" feeding internal logic into a wire
    Warning (13049): Converted tri-state buffer "switch_2x3:s2x3_1|U[6]" feeding internal logic into a wire
    Warning (13049): Converted tri-state buffer "switch_2x3:s2x3_1|U[7]" feeding internal logic into a wire
Info (16010): Generating hard_block partition "hard_block:auto_generated_inst"
    Info (16011): Adding 0 node(s), including 0 DDIO, 0 PLL, 0 transceiver and 0 LCELL
Warning (21074): Design contains 2 input pin(s) that do not drive logic
    Warning (15610): No output dependent on input pin "C12[0]"
    Warning (15610): No output dependent on input pin "C11[0]"
Info (21057): Implemented 243 device resources after synthesis - the final resource count might be different
    Info (21058): Implemented 47 input pins
    Info (21059): Implemented 32 output pins
    Info (21061): Implemented 164 logic cells
Info: Quartus II 64-Bit Analysis & Synthesis was successful. 0 errors, 55 warnings
    Info: Peak virtual memory: 4675 megabytes
    Info: Processing ended: Sun Jun 02 13:29:55 2019
    Info: Elapsed time: 00:00:03
    Info: Total CPU time (on all processors): 00:00:03


